  main.cpp
c:\users\angus hay\desktop\csc305\assignment 3 april 20\renderer.h(39): warning C4305: 'initializing': truncation from 'double' to 'float'
c:\users\angus hay\desktop\csc305\assignment 3 april 20\renderer.h(40): warning C4305: 'initializing': truncation from 'double' to 'float'
c:\users\angus hay\desktop\csc305\assignment 3 april 20\renderer.h(41): warning C4305: 'initializing': truncation from 'double' to 'float'
  renderer.cpp
c:\users\angus hay\desktop\csc305\assignment 3 april 20\renderer.h(39): warning C4305: 'initializing': truncation from 'double' to 'float'
c:\users\angus hay\desktop\csc305\assignment 3 april 20\renderer.h(40): warning C4305: 'initializing': truncation from 'double' to 'float'
c:\users\angus hay\desktop\csc305\assignment 3 april 20\renderer.h(41): warning C4305: 'initializing': truncation from 'double' to 'float'
  scene.cpp
scene.cpp(547): warning C4244: '=': conversion from 'double' to 'GLfloat', possible loss of data
scene.cpp(548): warning C4244: '=': conversion from 'double' to 'GLfloat', possible loss of data
scene.cpp(557): warning C4244: '+=': conversion from 'double' to 'float', possible loss of data
scene.cpp(566): warning C4244: 'initializing': conversion from 'double' to 'float', possible loss of data
scene.cpp(575): warning C4244: '=': conversion from 'double' to 'GLfloat', possible loss of data
scene.cpp(739): warning C4244: '=': conversion from 'double' to 'GLfloat', possible loss of data
scene.cpp(740): warning C4305: '=': truncation from 'double' to 'GLfloat'
scene.cpp(741): warning C4244: '=': conversion from 'double' to 'GLfloat', possible loss of data
scene.cpp(890): warning C4244: 'initializing': conversion from 'double' to 'GLfloat', possible loss of data
scene.cpp(891): warning C4244: 'initializing': conversion from 'double' to 'GLfloat', possible loss of data
scene.cpp(892): warning C4244: 'initializing': conversion from 'double' to 'GLfloat', possible loss of data
scene.cpp(901): warning C4244: '+=': conversion from 'double' to 'float', possible loss of data
scene.cpp(908): warning C4244: '=': conversion from 'double' to 'float', possible loss of data
scene.cpp(934): warning C4244: '=': conversion from 'double' to 'GLfloat', possible loss of data
  simulation.cpp
  Generating code
  63 of 4117 functions ( 1.5%) were compiled, the rest were copied from previous compilation.
    0 functions were new in current compilation
    25 functions had inline decision re-evaluated but remain unchanged
  Finished generating code
  csc305a2.vcxproj -> C:\Users\Angus Hay\Desktop\CSC305\Assignment 3 April 20\x64\Release\csc305a2.exe
  csc305a2.vcxproj -> C:\Users\Angus Hay\Desktop\CSC305\Assignment 3 April 20\x64\Release\csc305a2.pdb (Full PDB)
